<?xml version="1.0" encoding="UTF-8"?>
<!-- Generated by org.testng.reporters.JUnitReportReporter -->
<testsuite hostname="muratguven2" failures="0" tests="4" name="tests.Scenerious" time="93.570" errors="0" timestamp="2021-12-21T04:05:03 TRT" skipped="0">
  <testcase classname="tests.Scenerious" name="test2" time="33.057"/>
  <system-out/>
  <testcase classname="tests.Scenerious" name="test4" time="16.660"/>
  <system-out/>
  <testcase classname="tests.Scenerious" name="test3" time="18.255"/>
  <system-out/>
  <testcase classname="tests.Scenerious" name="test1" time="25.598"/>
  <system-out/>
</testsuite> <!-- tests.Scenerious -->
